2024-08-26 12:41:48,534 - data.s3Interface - INFO - Successfully uploaded fp/metrics/fp-metrics-standard-20240826.json to auctionaid/fp/metrics/fp-metrics-standard-20240826.json
2024-08-26 12:41:51,516 - data.s3Interface - INFO - Successfully uploaded fp/metrics/fp-metrics-ppr-20240826.json to auctionaid/fp/metrics/fp-metrics-ppr-20240826.json
2024-08-26 12:42:10,432 - data.s3Interface - INFO - Successfully uploaded fp/metrics/fp-metrics-half_ppr-20240826.json to auctionaid/fp/metrics/fp-metrics-half_ppr-20240826.json
2024-08-26 12:46:19,235 - data.s3Interface - INFO - Successfully uploaded fp/metrics/fp-metrics-standard-20240826.json to auctionaid/fp/metrics/fp-metrics-standard-20240826.json
2024-08-26 12:46:26,442 - data.s3Interface - INFO - Successfully uploaded fp/metrics/fp-metrics-ppr-20240826.json to auctionaid/fp/metrics/fp-metrics-ppr-20240826.json
2024-08-26 12:47:09,077 - data.s3Interface - INFO - Successfully uploaded fp/metrics/fp-metrics-half_ppr-20240826.json to auctionaid/fp/metrics/fp-metrics-half_ppr-20240826.json
2024-08-26 12:47:19,501 - data.s3Interface - INFO - Successfully uploaded fp/metrics/fp-metrics-standard-20240826.json to auctionaid/fp/metrics/fp-metrics-standard-20240826.json
2024-08-26 12:47:22,790 - data.s3Interface - INFO - Successfully uploaded fp/metrics/fp-metrics-ppr-20240826.json to auctionaid/fp/metrics/fp-metrics-ppr-20240826.json
2024-08-26 12:47:39,161 - data.s3Interface - INFO - Successfully uploaded fp/metrics/fp-metrics-half_ppr-20240826.json to auctionaid/fp/metrics/fp-metrics-half_ppr-20240826.json
2024-08-26 12:48:13,853 - data.s3Interface - INFO - Successfully uploaded fp/metrics/fp-metrics-standard-20240826.json to auctionaid/fp/metrics/fp-metrics-standard-20240826.json
2024-08-26 12:48:15,548 - data.s3Interface - INFO - Successfully uploaded fp/metrics/fp-metrics-ppr-20240826.json to auctionaid/fp/metrics/fp-metrics-ppr-20240826.json
2024-08-26 12:48:27,693 - data.s3Interface - INFO - Successfully uploaded fp/metrics/fp-metrics-half_ppr-20240826.json to auctionaid/fp/metrics/fp-metrics-half_ppr-20240826.json
2024-08-27 02:30:14,782 - data.s3Interface - INFO - Successfully uploaded fp/metrics/fp-metrics-standard-20240827.json to auctionaid/fp/metrics/fp-metrics-standard-20240827.json
2024-08-27 02:30:16,858 - data.s3Interface - INFO - Successfully uploaded fp/metrics/fp-metrics-ppr-20240827.json to auctionaid/fp/metrics/fp-metrics-ppr-20240827.json
2024-08-27 02:30:27,439 - data.s3Interface - INFO - Successfully uploaded fp/metrics/fp-metrics-half_ppr-20240827.json to auctionaid/fp/metrics/fp-metrics-half_ppr-20240827.json
2024-08-28 02:30:13,398 - data.s3Interface - INFO - Successfully uploaded fp/metrics/fp-metrics-standard-20240828.json to auctionaid/fp/metrics/fp-metrics-standard-20240828.json
2024-08-28 02:30:15,161 - data.s3Interface - INFO - Successfully uploaded fp/metrics/fp-metrics-ppr-20240828.json to auctionaid/fp/metrics/fp-metrics-ppr-20240828.json
2024-08-28 02:30:25,815 - data.s3Interface - INFO - Successfully uploaded fp/metrics/fp-metrics-half_ppr-20240828.json to auctionaid/fp/metrics/fp-metrics-half_ppr-20240828.json
2024-09-06 02:30:13,265 - data.s3Interface - INFO - Successfully uploaded fp/metrics/fp-metrics-standard-20240906.json to auctionaid/fp/metrics/fp-metrics-standard-20240906.json
2024-09-06 02:30:15,674 - data.s3Interface - INFO - Successfully uploaded fp/metrics/fp-metrics-ppr-20240906.json to auctionaid/fp/metrics/fp-metrics-ppr-20240906.json
2024-09-06 02:30:24,836 - data.s3Interface - INFO - Successfully uploaded fp/metrics/fp-metrics-half_ppr-20240906.json to auctionaid/fp/metrics/fp-metrics-half_ppr-20240906.json
2024-09-08 02:30:13,312 - data.s3Interface - INFO - Successfully uploaded fp/metrics/fp-metrics-standard-20240908.json to auctionaid/fp/metrics/fp-metrics-standard-20240908.json
2024-09-08 02:30:15,860 - data.s3Interface - INFO - Successfully uploaded fp/metrics/fp-metrics-ppr-20240908.json to auctionaid/fp/metrics/fp-metrics-ppr-20240908.json
2024-09-08 02:30:25,325 - data.s3Interface - INFO - Successfully uploaded fp/metrics/fp-metrics-half_ppr-20240908.json to auctionaid/fp/metrics/fp-metrics-half_ppr-20240908.json
2024-09-11 02:30:34,861 - data.s3Interface - INFO - Successfully uploaded fp/metrics/fp-metrics-standard-20240911.json to auctionaid/fp/metrics/fp-metrics-standard-20240911.json
2024-09-11 02:31:05,314 - data.s3Interface - INFO - Successfully uploaded fp/metrics/fp-metrics-ppr-20240911.json to auctionaid/fp/metrics/fp-metrics-ppr-20240911.json
2024-09-11 02:32:01,936 - data.s3Interface - INFO - Successfully uploaded fp/metrics/fp-metrics-half_ppr-20240911.json to auctionaid/fp/metrics/fp-metrics-half_ppr-20240911.json
2024-09-19 02:30:14,105 - data.s3Interface - INFO - Successfully uploaded fp/metrics/fp-metrics-standard-20240919.json to auctionaid/fp/metrics/fp-metrics-standard-20240919.json
2024-09-19 02:30:16,265 - data.s3Interface - INFO - Successfully uploaded fp/metrics/fp-metrics-ppr-20240919.json to auctionaid/fp/metrics/fp-metrics-ppr-20240919.json
2024-09-19 02:30:26,692 - data.s3Interface - INFO - Successfully uploaded fp/metrics/fp-metrics-half_ppr-20240919.json to auctionaid/fp/metrics/fp-metrics-half_ppr-20240919.json
/Users/ryanlynch/Desktop/Desktop/Career/TechnicalProjects/2_AuctionAid/cronAuction/bin/python: can't open file '/Users/ryanlynch/Desktop/Desktop/Career/TechnicalProjects/2_AuctionAid/cron.py': [Errno 2] No such file or directory
/Users/ryanlynch/Desktop/Desktop/Career/TechnicalProjects/2_AuctionAid/cronAuction/bin/python: can't open file '/Users/ryanlynch/Desktop/Desktop/Career/TechnicalProjects/2_AuctionAid/cron.py': [Errno 2] No such file or directory
/Users/ryanlynch/Desktop/Desktop/Career/TechnicalProjects/2_AuctionAid/cronAuction/bin/python: can't open file '/Users/ryanlynch/Desktop/Desktop/Career/TechnicalProjects/2_AuctionAid/cron.py': [Errno 2] No such file or directory
/Users/ryanlynch/Desktop/Desktop/Career/TechnicalProjects/2_AuctionAid/cronAuction/bin/python: can't open file '/Users/ryanlynch/Desktop/Desktop/Career/TechnicalProjects/2_AuctionAid/cron.py': [Errno 2] No such file or directory
/Users/ryanlynch/Desktop/Desktop/Career/TechnicalProjects/2_AuctionAid/cronAuction/bin/python: can't open file '/Users/ryanlynch/Desktop/Desktop/Career/TechnicalProjects/2_AuctionAid/cron.py': [Errno 2] No such file or directory
2024-09-27 02:30:20,062 - data.s3Interface - INFO - Successfully uploaded fp/metrics/fp-metrics-standard-20240927.json to auctionaid/fp/metrics/fp-metrics-standard-20240927.json
2024-09-27 02:30:23,398 - data.s3Interface - INFO - Successfully uploaded fp/metrics/fp-metrics-ppr-20240927.json to auctionaid/fp/metrics/fp-metrics-ppr-20240927.json
2024-09-27 02:30:33,780 - data.s3Interface - INFO - Successfully uploaded fp/metrics/fp-metrics-half-ppr-20240927.json to auctionaid/fp/metrics/fp-metrics-half-ppr-20240927.json
2024-09-28 02:30:14,529 - data.s3Interface - INFO - Successfully uploaded fp/metrics/fp-metrics-standard-20240928.json to auctionaid/fp/metrics/fp-metrics-standard-20240928.json
2024-09-28 02:30:16,983 - data.s3Interface - INFO - Successfully uploaded fp/metrics/fp-metrics-ppr-20240928.json to auctionaid/fp/metrics/fp-metrics-ppr-20240928.json
2024-09-28 02:30:27,709 - data.s3Interface - INFO - Successfully uploaded fp/metrics/fp-metrics-half-ppr-20240928.json to auctionaid/fp/metrics/fp-metrics-half-ppr-20240928.json
2024-10-02 02:30:13,575 - data.s3Interface - INFO - Successfully uploaded fp/daily-metrics/fp-metrics-standard-20241002.json to auctionaid/fp/daily-metrics/fp-metrics-standard-20241002.json
2024-10-02 02:30:16,153 - data.s3Interface - INFO - Successfully uploaded fp/daily-metrics/fp-metrics-ppr-20241002.json to auctionaid/fp/daily-metrics/fp-metrics-ppr-20241002.json
2024-10-02 02:30:27,078 - data.s3Interface - INFO - Successfully uploaded fp/daily-metrics/fp-metrics-half-ppr-20241002.json to auctionaid/fp/daily-metrics/fp-metrics-half-ppr-20241002.json
2024-10-04 02:30:14,680 - data.s3Interface - INFO - Successfully uploaded fp/daily-metrics/fp-metrics-standard-20241004.json to auctionaid/fp/daily-metrics/fp-metrics-standard-20241004.json
2024-10-04 02:30:17,344 - data.s3Interface - INFO - Successfully uploaded fp/daily-metrics/fp-metrics-ppr-20241004.json to auctionaid/fp/daily-metrics/fp-metrics-ppr-20241004.json
2024-10-04 02:30:27,783 - data.s3Interface - INFO - Successfully uploaded fp/daily-metrics/fp-metrics-half-ppr-20241004.json to auctionaid/fp/daily-metrics/fp-metrics-half-ppr-20241004.json
2024-10-06 02:30:13,673 - data.s3Interface - INFO - Successfully uploaded fp/daily-metrics/fp-metrics-standard-20241006.json to auctionaid/fp/daily-metrics/fp-metrics-standard-20241006.json
2024-10-06 02:30:16,612 - data.s3Interface - INFO - Successfully uploaded fp/daily-metrics/fp-metrics-ppr-20241006.json to auctionaid/fp/daily-metrics/fp-metrics-ppr-20241006.json
2024-10-06 02:30:27,201 - data.s3Interface - INFO - Successfully uploaded fp/daily-metrics/fp-metrics-half-ppr-20241006.json to auctionaid/fp/daily-metrics/fp-metrics-half-ppr-20241006.json
2024-10-15 02:30:17,635 - data.s3Interface - INFO - Successfully uploaded fp/daily-metrics/fp-metrics-standard-20241015.json to auctionaid/fp/daily-metrics/fp-metrics-standard-20241015.json
2024-10-15 02:30:19,959 - data.s3Interface - INFO - Successfully uploaded fp/daily-metrics/fp-metrics-ppr-20241015.json to auctionaid/fp/daily-metrics/fp-metrics-ppr-20241015.json
2024-10-15 02:30:31,044 - data.s3Interface - INFO - Successfully uploaded fp/daily-metrics/fp-metrics-half-ppr-20241015.json to auctionaid/fp/daily-metrics/fp-metrics-half-ppr-20241015.json
2024-10-17 02:30:27,910 - data.s3Interface - INFO - Successfully uploaded fp/daily-metrics/fp-metrics-standard-20241017.json to auctionaid/fp/daily-metrics/fp-metrics-standard-20241017.json
2024-10-17 02:30:30,799 - data.s3Interface - INFO - Successfully uploaded fp/daily-metrics/fp-metrics-ppr-20241017.json to auctionaid/fp/daily-metrics/fp-metrics-ppr-20241017.json
2024-10-17 02:30:42,308 - data.s3Interface - INFO - Successfully uploaded fp/daily-metrics/fp-metrics-half-ppr-20241017.json to auctionaid/fp/daily-metrics/fp-metrics-half-ppr-20241017.json
2024-10-19 02:30:15,854 - data.s3Interface - INFO - Successfully uploaded fp/daily-metrics/fp-metrics-standard-20241019.json to auctionaid/fp/daily-metrics/fp-metrics-standard-20241019.json
2024-10-19 02:30:18,614 - data.s3Interface - INFO - Successfully uploaded fp/daily-metrics/fp-metrics-ppr-20241019.json to auctionaid/fp/daily-metrics/fp-metrics-ppr-20241019.json
2024-10-19 02:30:31,206 - data.s3Interface - INFO - Successfully uploaded fp/daily-metrics/fp-metrics-half-ppr-20241019.json to auctionaid/fp/daily-metrics/fp-metrics-half-ppr-20241019.json
2024-10-22 02:30:14,071 - data.s3Interface - INFO - Successfully uploaded fp/daily-metrics/fp-metrics-standard-20241022.json to auctionaid/fp/daily-metrics/fp-metrics-standard-20241022.json
2024-10-22 02:30:16,817 - data.s3Interface - INFO - Successfully uploaded fp/daily-metrics/fp-metrics-ppr-20241022.json to auctionaid/fp/daily-metrics/fp-metrics-ppr-20241022.json
2024-10-22 02:30:27,712 - data.s3Interface - INFO - Successfully uploaded fp/daily-metrics/fp-metrics-half-ppr-20241022.json to auctionaid/fp/daily-metrics/fp-metrics-half-ppr-20241022.json
2024-10-23 02:30:13,631 - data.s3Interface - INFO - Successfully uploaded fp/daily-metrics/fp-metrics-standard-20241023.json to auctionaid/fp/daily-metrics/fp-metrics-standard-20241023.json
2024-10-23 02:30:15,800 - data.s3Interface - INFO - Successfully uploaded fp/daily-metrics/fp-metrics-ppr-20241023.json to auctionaid/fp/daily-metrics/fp-metrics-ppr-20241023.json
2024-10-23 02:30:27,112 - data.s3Interface - INFO - Successfully uploaded fp/daily-metrics/fp-metrics-half-ppr-20241023.json to auctionaid/fp/daily-metrics/fp-metrics-half-ppr-20241023.json
2024-10-25 02:30:15,282 - data.s3Interface - INFO - Successfully uploaded fp/daily-metrics/fp-metrics-standard-20241025.json to auctionaid/fp/daily-metrics/fp-metrics-standard-20241025.json
2024-10-25 02:30:18,512 - data.s3Interface - INFO - Successfully uploaded fp/daily-metrics/fp-metrics-ppr-20241025.json to auctionaid/fp/daily-metrics/fp-metrics-ppr-20241025.json
2024-10-25 02:30:29,653 - data.s3Interface - INFO - Successfully uploaded fp/daily-metrics/fp-metrics-half-ppr-20241025.json to auctionaid/fp/daily-metrics/fp-metrics-half-ppr-20241025.json
2024-10-26 02:30:34,201 - data.s3Interface - INFO - Successfully uploaded fp/daily-metrics/fp-metrics-standard-20241026.json to auctionaid/fp/daily-metrics/fp-metrics-standard-20241026.json
2024-10-26 02:30:41,372 - data.s3Interface - INFO - Successfully uploaded fp/daily-metrics/fp-metrics-ppr-20241026.json to auctionaid/fp/daily-metrics/fp-metrics-ppr-20241026.json
2024-10-26 02:31:13,394 - data.s3Interface - INFO - Successfully uploaded fp/daily-metrics/fp-metrics-half-ppr-20241026.json to auctionaid/fp/daily-metrics/fp-metrics-half-ppr-20241026.json
2024-10-26 02:31:39,527 - data.s3Interface - INFO - Successfully uploaded fp/historical-metrics/fp-metrics-standard-2020.json to auctionaid/fp/historical-metrics/fp-metrics-standard-2020.json
2024-10-26 02:32:06,131 - data.s3Interface - INFO - Successfully uploaded fp/historical-metrics/fp-metrics-standard-2021.json to auctionaid/fp/historical-metrics/fp-metrics-standard-2021.json
2024-10-26 02:32:31,383 - data.s3Interface - INFO - Successfully uploaded fp/historical-metrics/fp-metrics-standard-2022.json to auctionaid/fp/historical-metrics/fp-metrics-standard-2022.json
2024-10-26 02:32:55,274 - data.s3Interface - INFO - Successfully uploaded fp/historical-metrics/fp-metrics-standard-2023.json to auctionaid/fp/historical-metrics/fp-metrics-standard-2023.json
2024-10-26 02:32:58,651 - data.s3Interface - INFO - Successfully uploaded fp/historical-metrics/fp-metrics-ppr-2020.json to auctionaid/fp/historical-metrics/fp-metrics-ppr-2020.json
2024-10-26 02:33:01,381 - data.s3Interface - INFO - Successfully uploaded fp/historical-metrics/fp-metrics-ppr-2021.json to auctionaid/fp/historical-metrics/fp-metrics-ppr-2021.json
2024-10-26 02:33:04,209 - data.s3Interface - INFO - Successfully uploaded fp/historical-metrics/fp-metrics-ppr-2022.json to auctionaid/fp/historical-metrics/fp-metrics-ppr-2022.json
2024-10-26 02:33:07,860 - data.s3Interface - INFO - Successfully uploaded fp/historical-metrics/fp-metrics-ppr-2023.json to auctionaid/fp/historical-metrics/fp-metrics-ppr-2023.json
2024-10-26 02:33:33,939 - data.s3Interface - INFO - Successfully uploaded fp/historical-metrics/fp-metrics-half-ppr-2020.json to auctionaid/fp/historical-metrics/fp-metrics-half-ppr-2020.json
2024-10-26 02:34:01,240 - data.s3Interface - INFO - Successfully uploaded fp/historical-metrics/fp-metrics-half-ppr-2021.json to auctionaid/fp/historical-metrics/fp-metrics-half-ppr-2021.json
2024-10-26 02:34:29,517 - data.s3Interface - INFO - Successfully uploaded fp/historical-metrics/fp-metrics-half-ppr-2022.json to auctionaid/fp/historical-metrics/fp-metrics-half-ppr-2022.json
2024-10-26 02:35:00,485 - data.s3Interface - INFO - Successfully uploaded fp/historical-metrics/fp-metrics-half-ppr-2023.json to auctionaid/fp/historical-metrics/fp-metrics-half-ppr-2023.json
2024-10-26 02:35:01,935 - data.s3Interface - INFO - Successfully uploaded fp/historical-metrics/fp-metrics-standard-allyearsasof-2024.json to auctionaid/fp/historical-metrics/fp-metrics-standard-allyearsasof-2024.json
2024-10-26 02:35:02,058 - data.s3Interface - INFO - Successfully uploaded fp/historical-metrics/fp-metrics-ppr-allyearsasof-2024.json to auctionaid/fp/historical-metrics/fp-metrics-ppr-allyearsasof-2024.json
2024-10-26 02:35:03,067 - data.s3Interface - INFO - Successfully uploaded fp/historical-metrics/fp-metrics-half-ppr-allyearsasof-2024.json to auctionaid/fp/historical-metrics/fp-metrics-half-ppr-allyearsasof-2024.json
2024-10-27 02:30:38,558 - data.s3Interface - INFO - Successfully uploaded fp/daily-metrics/fp-metrics-standard-20241027.json to auctionaid/fp/daily-metrics/fp-metrics-standard-20241027.json
2024-10-27 02:30:44,319 - data.s3Interface - INFO - Successfully uploaded fp/daily-metrics/fp-metrics-ppr-20241027.json to auctionaid/fp/daily-metrics/fp-metrics-ppr-20241027.json
2024-10-27 02:31:16,570 - data.s3Interface - INFO - Successfully uploaded fp/daily-metrics/fp-metrics-half-ppr-20241027.json to auctionaid/fp/daily-metrics/fp-metrics-half-ppr-20241027.json
2024-10-27 02:31:44,662 - data.s3Interface - INFO - Successfully uploaded fp/historical-metrics/fp-metrics-standard-2020.json to auctionaid/fp/historical-metrics/fp-metrics-standard-2020.json
2024-10-27 02:32:12,975 - data.s3Interface - INFO - Successfully uploaded fp/historical-metrics/fp-metrics-standard-2021.json to auctionaid/fp/historical-metrics/fp-metrics-standard-2021.json
2024-10-27 02:32:41,271 - data.s3Interface - INFO - Successfully uploaded fp/historical-metrics/fp-metrics-standard-2022.json to auctionaid/fp/historical-metrics/fp-metrics-standard-2022.json
2024-10-27 02:33:07,151 - data.s3Interface - INFO - Successfully uploaded fp/historical-metrics/fp-metrics-standard-2023.json to auctionaid/fp/historical-metrics/fp-metrics-standard-2023.json
2024-10-27 02:33:11,102 - data.s3Interface - INFO - Successfully uploaded fp/historical-metrics/fp-metrics-ppr-2020.json to auctionaid/fp/historical-metrics/fp-metrics-ppr-2020.json
2024-10-27 02:33:13,584 - data.s3Interface - INFO - Successfully uploaded fp/historical-metrics/fp-metrics-ppr-2021.json to auctionaid/fp/historical-metrics/fp-metrics-ppr-2021.json
2024-10-27 02:33:17,052 - data.s3Interface - INFO - Successfully uploaded fp/historical-metrics/fp-metrics-ppr-2022.json to auctionaid/fp/historical-metrics/fp-metrics-ppr-2022.json
2024-10-27 02:33:21,513 - data.s3Interface - INFO - Successfully uploaded fp/historical-metrics/fp-metrics-ppr-2023.json to auctionaid/fp/historical-metrics/fp-metrics-ppr-2023.json
2024-10-27 02:33:50,232 - data.s3Interface - INFO - Successfully uploaded fp/historical-metrics/fp-metrics-half-ppr-2020.json to auctionaid/fp/historical-metrics/fp-metrics-half-ppr-2020.json
2024-10-27 02:34:18,022 - data.s3Interface - INFO - Successfully uploaded fp/historical-metrics/fp-metrics-half-ppr-2021.json to auctionaid/fp/historical-metrics/fp-metrics-half-ppr-2021.json
2024-10-27 02:34:45,600 - data.s3Interface - INFO - Successfully uploaded fp/historical-metrics/fp-metrics-half-ppr-2022.json to auctionaid/fp/historical-metrics/fp-metrics-half-ppr-2022.json
2024-10-27 02:35:11,498 - data.s3Interface - INFO - Successfully uploaded fp/historical-metrics/fp-metrics-half-ppr-2023.json to auctionaid/fp/historical-metrics/fp-metrics-half-ppr-2023.json
2024-10-27 02:35:13,231 - data.s3Interface - INFO - Successfully uploaded fp/historical-metrics/fp-metrics-standard-allyearsasof-2024.json to auctionaid/fp/historical-metrics/fp-metrics-standard-allyearsasof-2024.json
2024-10-27 02:35:13,351 - data.s3Interface - INFO - Successfully uploaded fp/historical-metrics/fp-metrics-ppr-allyearsasof-2024.json to auctionaid/fp/historical-metrics/fp-metrics-ppr-allyearsasof-2024.json
2024-10-27 02:35:14,649 - data.s3Interface - INFO - Successfully uploaded fp/historical-metrics/fp-metrics-half-ppr-allyearsasof-2024.json to auctionaid/fp/historical-metrics/fp-metrics-half-ppr-allyearsasof-2024.json
2024-10-30 02:30:16,082 - data.s3Interface - INFO - Successfully uploaded fp/daily-metrics/fp-metrics-standard-20241030.json to auctionaid/fp/daily-metrics/fp-metrics-standard-20241030.json
2024-10-30 02:30:19,066 - data.s3Interface - INFO - Successfully uploaded fp/daily-metrics/fp-metrics-ppr-20241030.json to auctionaid/fp/daily-metrics/fp-metrics-ppr-20241030.json
2024-10-30 02:30:30,272 - data.s3Interface - INFO - Successfully uploaded fp/daily-metrics/fp-metrics-half-ppr-20241030.json to auctionaid/fp/daily-metrics/fp-metrics-half-ppr-20241030.json
2024-10-30 02:30:40,194 - data.s3Interface - INFO - Successfully uploaded fp/historical-metrics/fp-metrics-standard-2020.json to auctionaid/fp/historical-metrics/fp-metrics-standard-2020.json
2024-10-30 02:30:49,864 - data.s3Interface - INFO - Successfully uploaded fp/historical-metrics/fp-metrics-standard-2021.json to auctionaid/fp/historical-metrics/fp-metrics-standard-2021.json
2024-10-30 02:30:58,810 - data.s3Interface - INFO - Successfully uploaded fp/historical-metrics/fp-metrics-standard-2022.json to auctionaid/fp/historical-metrics/fp-metrics-standard-2022.json
2024-10-30 02:31:07,639 - data.s3Interface - INFO - Successfully uploaded fp/historical-metrics/fp-metrics-standard-2023.json to auctionaid/fp/historical-metrics/fp-metrics-standard-2023.json
2024-10-30 02:31:15,336 - data.s3Interface - INFO - Successfully uploaded fp/historical-metrics/fp-metrics-ppr-2020.json to auctionaid/fp/historical-metrics/fp-metrics-ppr-2020.json
2024-10-30 02:31:17,276 - data.s3Interface - INFO - Successfully uploaded fp/historical-metrics/fp-metrics-ppr-2021.json to auctionaid/fp/historical-metrics/fp-metrics-ppr-2021.json
2024-10-30 02:31:19,381 - data.s3Interface - INFO - Successfully uploaded fp/historical-metrics/fp-metrics-ppr-2022.json to auctionaid/fp/historical-metrics/fp-metrics-ppr-2022.json
2024-10-30 02:31:21,331 - data.s3Interface - INFO - Successfully uploaded fp/historical-metrics/fp-metrics-ppr-2023.json to auctionaid/fp/historical-metrics/fp-metrics-ppr-2023.json
2024-10-30 02:31:30,052 - data.s3Interface - INFO - Successfully uploaded fp/historical-metrics/fp-metrics-half-ppr-2020.json to auctionaid/fp/historical-metrics/fp-metrics-half-ppr-2020.json
2024-10-30 02:31:39,021 - data.s3Interface - INFO - Successfully uploaded fp/historical-metrics/fp-metrics-half-ppr-2021.json to auctionaid/fp/historical-metrics/fp-metrics-half-ppr-2021.json
2024-10-30 02:31:48,016 - data.s3Interface - INFO - Successfully uploaded fp/historical-metrics/fp-metrics-half-ppr-2022.json to auctionaid/fp/historical-metrics/fp-metrics-half-ppr-2022.json
2024-10-30 02:31:56,608 - data.s3Interface - INFO - Successfully uploaded fp/historical-metrics/fp-metrics-half-ppr-2023.json to auctionaid/fp/historical-metrics/fp-metrics-half-ppr-2023.json
2024-10-30 02:31:58,024 - data.s3Interface - INFO - Successfully uploaded fp/historical-metrics/fp-metrics-standard-allyearsasof-2024.json to auctionaid/fp/historical-metrics/fp-metrics-standard-allyearsasof-2024.json
2024-10-30 02:31:58,120 - data.s3Interface - INFO - Successfully uploaded fp/historical-metrics/fp-metrics-ppr-allyearsasof-2024.json to auctionaid/fp/historical-metrics/fp-metrics-ppr-allyearsasof-2024.json
2024-10-30 02:31:58,972 - data.s3Interface - INFO - Successfully uploaded fp/historical-metrics/fp-metrics-half-ppr-allyearsasof-2024.json to auctionaid/fp/historical-metrics/fp-metrics-half-ppr-allyearsasof-2024.json
2024-10-31 02:30:15,456 - data.s3Interface - INFO - Successfully uploaded fp/daily-metrics/fp-metrics-standard-20241031.json to auctionaid/fp/daily-metrics/fp-metrics-standard-20241031.json
2024-10-31 02:30:17,628 - data.s3Interface - INFO - Successfully uploaded fp/daily-metrics/fp-metrics-ppr-20241031.json to auctionaid/fp/daily-metrics/fp-metrics-ppr-20241031.json
2024-10-31 02:30:29,106 - data.s3Interface - INFO - Successfully uploaded fp/daily-metrics/fp-metrics-half-ppr-20241031.json to auctionaid/fp/daily-metrics/fp-metrics-half-ppr-20241031.json
2024-10-31 02:30:38,529 - data.s3Interface - INFO - Successfully uploaded fp/historical-metrics/fp-metrics-standard-2020.json to auctionaid/fp/historical-metrics/fp-metrics-standard-2020.json
2024-10-31 02:30:48,789 - data.s3Interface - INFO - Successfully uploaded fp/historical-metrics/fp-metrics-standard-2021.json to auctionaid/fp/historical-metrics/fp-metrics-standard-2021.json
2024-10-31 02:30:59,072 - data.s3Interface - INFO - Successfully uploaded fp/historical-metrics/fp-metrics-standard-2022.json to auctionaid/fp/historical-metrics/fp-metrics-standard-2022.json
2024-10-31 02:31:08,543 - data.s3Interface - INFO - Successfully uploaded fp/historical-metrics/fp-metrics-standard-2023.json to auctionaid/fp/historical-metrics/fp-metrics-standard-2023.json
2024-10-31 02:31:11,081 - data.s3Interface - INFO - Successfully uploaded fp/historical-metrics/fp-metrics-ppr-2020.json to auctionaid/fp/historical-metrics/fp-metrics-ppr-2020.json
2024-10-31 02:31:12,411 - data.s3Interface - INFO - Successfully uploaded fp/historical-metrics/fp-metrics-ppr-2021.json to auctionaid/fp/historical-metrics/fp-metrics-ppr-2021.json
2024-10-31 02:31:13,991 - data.s3Interface - INFO - Successfully uploaded fp/historical-metrics/fp-metrics-ppr-2022.json to auctionaid/fp/historical-metrics/fp-metrics-ppr-2022.json
2024-10-31 02:31:15,514 - data.s3Interface - INFO - Successfully uploaded fp/historical-metrics/fp-metrics-ppr-2023.json to auctionaid/fp/historical-metrics/fp-metrics-ppr-2023.json
2024-10-31 02:31:25,925 - data.s3Interface - INFO - Successfully uploaded fp/historical-metrics/fp-metrics-half-ppr-2020.json to auctionaid/fp/historical-metrics/fp-metrics-half-ppr-2020.json
2024-10-31 02:31:36,225 - data.s3Interface - INFO - Successfully uploaded fp/historical-metrics/fp-metrics-half-ppr-2021.json to auctionaid/fp/historical-metrics/fp-metrics-half-ppr-2021.json
2024-10-31 02:31:44,672 - data.s3Interface - INFO - Successfully uploaded fp/historical-metrics/fp-metrics-half-ppr-2022.json to auctionaid/fp/historical-metrics/fp-metrics-half-ppr-2022.json
2024-10-31 02:31:54,249 - data.s3Interface - INFO - Successfully uploaded fp/historical-metrics/fp-metrics-half-ppr-2023.json to auctionaid/fp/historical-metrics/fp-metrics-half-ppr-2023.json
2024-10-31 02:31:54,763 - data.s3Interface - INFO - Successfully uploaded fp/historical-metrics/fp-metrics-standard-allyearsasof-2024.json to auctionaid/fp/historical-metrics/fp-metrics-standard-allyearsasof-2024.json
2024-10-31 02:31:54,862 - data.s3Interface - INFO - Successfully uploaded fp/historical-metrics/fp-metrics-ppr-allyearsasof-2024.json to auctionaid/fp/historical-metrics/fp-metrics-ppr-allyearsasof-2024.json
2024-10-31 02:31:55,236 - data.s3Interface - INFO - Successfully uploaded fp/historical-metrics/fp-metrics-half-ppr-allyearsasof-2024.json to auctionaid/fp/historical-metrics/fp-metrics-half-ppr-allyearsasof-2024.json
2024-11-01 02:30:19,235 - data.s3Interface - INFO - Successfully uploaded fp/daily-metrics/fp-metrics-standard-20241101.json to auctionaid/fp/daily-metrics/fp-metrics-standard-20241101.json
2024-11-01 02:30:23,355 - data.s3Interface - INFO - Successfully uploaded fp/daily-metrics/fp-metrics-ppr-20241101.json to auctionaid/fp/daily-metrics/fp-metrics-ppr-20241101.json
2024-11-01 02:30:35,286 - data.s3Interface - INFO - Successfully uploaded fp/daily-metrics/fp-metrics-half-ppr-20241101.json to auctionaid/fp/daily-metrics/fp-metrics-half-ppr-20241101.json
2024-11-01 02:30:45,517 - data.s3Interface - INFO - Successfully uploaded fp/historical-metrics/fp-metrics-standard-2020.json to auctionaid/fp/historical-metrics/fp-metrics-standard-2020.json
2024-11-01 02:30:55,563 - data.s3Interface - INFO - Successfully uploaded fp/historical-metrics/fp-metrics-standard-2021.json to auctionaid/fp/historical-metrics/fp-metrics-standard-2021.json
2024-11-01 02:31:04,610 - data.s3Interface - INFO - Successfully uploaded fp/historical-metrics/fp-metrics-standard-2022.json to auctionaid/fp/historical-metrics/fp-metrics-standard-2022.json
2024-11-01 02:31:13,879 - data.s3Interface - INFO - Successfully uploaded fp/historical-metrics/fp-metrics-standard-2023.json to auctionaid/fp/historical-metrics/fp-metrics-standard-2023.json
2024-11-01 02:31:16,125 - data.s3Interface - INFO - Successfully uploaded fp/historical-metrics/fp-metrics-ppr-2020.json to auctionaid/fp/historical-metrics/fp-metrics-ppr-2020.json
2024-11-01 02:31:17,854 - data.s3Interface - INFO - Successfully uploaded fp/historical-metrics/fp-metrics-ppr-2021.json to auctionaid/fp/historical-metrics/fp-metrics-ppr-2021.json
2024-11-01 02:31:19,578 - data.s3Interface - INFO - Successfully uploaded fp/historical-metrics/fp-metrics-ppr-2022.json to auctionaid/fp/historical-metrics/fp-metrics-ppr-2022.json
2024-11-01 02:31:21,525 - data.s3Interface - INFO - Successfully uploaded fp/historical-metrics/fp-metrics-ppr-2023.json to auctionaid/fp/historical-metrics/fp-metrics-ppr-2023.json
2024-11-01 02:31:31,389 - data.s3Interface - INFO - Successfully uploaded fp/historical-metrics/fp-metrics-half-ppr-2020.json to auctionaid/fp/historical-metrics/fp-metrics-half-ppr-2020.json
2024-11-01 02:31:41,864 - data.s3Interface - INFO - Successfully uploaded fp/historical-metrics/fp-metrics-half-ppr-2021.json to auctionaid/fp/historical-metrics/fp-metrics-half-ppr-2021.json
2024-11-01 02:31:51,910 - data.s3Interface - INFO - Successfully uploaded fp/historical-metrics/fp-metrics-half-ppr-2022.json to auctionaid/fp/historical-metrics/fp-metrics-half-ppr-2022.json
2024-11-01 02:32:01,138 - data.s3Interface - INFO - Successfully uploaded fp/historical-metrics/fp-metrics-half-ppr-2023.json to auctionaid/fp/historical-metrics/fp-metrics-half-ppr-2023.json
2024-11-01 02:32:01,620 - data.s3Interface - INFO - Successfully uploaded fp/historical-metrics/fp-metrics-standard-allyearsasof-2024.json to auctionaid/fp/historical-metrics/fp-metrics-standard-allyearsasof-2024.json
2024-11-01 02:32:01,718 - data.s3Interface - INFO - Successfully uploaded fp/historical-metrics/fp-metrics-ppr-allyearsasof-2024.json to auctionaid/fp/historical-metrics/fp-metrics-ppr-allyearsasof-2024.json
2024-11-01 02:32:02,178 - data.s3Interface - INFO - Successfully uploaded fp/historical-metrics/fp-metrics-half-ppr-allyearsasof-2024.json to auctionaid/fp/historical-metrics/fp-metrics-half-ppr-allyearsasof-2024.json
2024-11-02 02:30:15,234 - data.s3Interface - INFO - Successfully uploaded fp/daily-metrics/fp-metrics-standard-20241102.json to auctionaid/fp/daily-metrics/fp-metrics-standard-20241102.json
2024-11-02 02:30:17,948 - data.s3Interface - INFO - Successfully uploaded fp/daily-metrics/fp-metrics-ppr-20241102.json to auctionaid/fp/daily-metrics/fp-metrics-ppr-20241102.json
2024-11-02 02:30:30,459 - data.s3Interface - INFO - Successfully uploaded fp/daily-metrics/fp-metrics-half-ppr-20241102.json to auctionaid/fp/daily-metrics/fp-metrics-half-ppr-20241102.json
2024-11-02 02:30:40,472 - data.s3Interface - INFO - Successfully uploaded fp/historical-metrics/fp-metrics-standard-2020.json to auctionaid/fp/historical-metrics/fp-metrics-standard-2020.json
2024-11-02 02:30:50,190 - data.s3Interface - INFO - Successfully uploaded fp/historical-metrics/fp-metrics-standard-2021.json to auctionaid/fp/historical-metrics/fp-metrics-standard-2021.json
2024-11-02 02:30:58,712 - data.s3Interface - INFO - Successfully uploaded fp/historical-metrics/fp-metrics-standard-2022.json to auctionaid/fp/historical-metrics/fp-metrics-standard-2022.json
2024-11-02 02:31:08,020 - data.s3Interface - INFO - Successfully uploaded fp/historical-metrics/fp-metrics-standard-2023.json to auctionaid/fp/historical-metrics/fp-metrics-standard-2023.json
2024-11-02 02:31:09,567 - data.s3Interface - INFO - Successfully uploaded fp/historical-metrics/fp-metrics-ppr-2020.json to auctionaid/fp/historical-metrics/fp-metrics-ppr-2020.json
2024-11-02 02:31:10,720 - data.s3Interface - INFO - Successfully uploaded fp/historical-metrics/fp-metrics-ppr-2021.json to auctionaid/fp/historical-metrics/fp-metrics-ppr-2021.json
2024-11-02 02:31:12,691 - data.s3Interface - INFO - Successfully uploaded fp/historical-metrics/fp-metrics-ppr-2022.json to auctionaid/fp/historical-metrics/fp-metrics-ppr-2022.json
2024-11-02 02:31:14,222 - data.s3Interface - INFO - Successfully uploaded fp/historical-metrics/fp-metrics-ppr-2023.json to auctionaid/fp/historical-metrics/fp-metrics-ppr-2023.json
2024-11-02 02:31:23,160 - data.s3Interface - INFO - Successfully uploaded fp/historical-metrics/fp-metrics-half-ppr-2020.json to auctionaid/fp/historical-metrics/fp-metrics-half-ppr-2020.json
2024-11-02 02:31:32,781 - data.s3Interface - INFO - Successfully uploaded fp/historical-metrics/fp-metrics-half-ppr-2021.json to auctionaid/fp/historical-metrics/fp-metrics-half-ppr-2021.json
2024-11-02 02:31:42,480 - data.s3Interface - INFO - Successfully uploaded fp/historical-metrics/fp-metrics-half-ppr-2022.json to auctionaid/fp/historical-metrics/fp-metrics-half-ppr-2022.json
2024-11-02 02:31:51,314 - data.s3Interface - INFO - Successfully uploaded fp/historical-metrics/fp-metrics-half-ppr-2023.json to auctionaid/fp/historical-metrics/fp-metrics-half-ppr-2023.json
2024-11-02 02:31:51,854 - data.s3Interface - INFO - Successfully uploaded fp/historical-metrics/fp-metrics-standard-allyearsasof-2024.json to auctionaid/fp/historical-metrics/fp-metrics-standard-allyearsasof-2024.json
2024-11-02 02:31:51,961 - data.s3Interface - INFO - Successfully uploaded fp/historical-metrics/fp-metrics-ppr-allyearsasof-2024.json to auctionaid/fp/historical-metrics/fp-metrics-ppr-allyearsasof-2024.json
2024-11-02 02:31:52,454 - data.s3Interface - INFO - Successfully uploaded fp/historical-metrics/fp-metrics-half-ppr-allyearsasof-2024.json to auctionaid/fp/historical-metrics/fp-metrics-half-ppr-allyearsasof-2024.json
2024-11-04 02:30:14,031 - data.s3Interface - INFO - Successfully uploaded fp/daily-metrics/fp-metrics-standard-20241104.json to auctionaid/fp/daily-metrics/fp-metrics-standard-20241104.json
2024-11-04 02:30:18,104 - data.s3Interface - INFO - Successfully uploaded fp/daily-metrics/fp-metrics-ppr-20241104.json to auctionaid/fp/daily-metrics/fp-metrics-ppr-20241104.json
2024-11-04 02:30:27,843 - data.s3Interface - INFO - Successfully uploaded fp/daily-metrics/fp-metrics-half-ppr-20241104.json to auctionaid/fp/daily-metrics/fp-metrics-half-ppr-20241104.json
2024-11-04 02:30:36,919 - data.s3Interface - INFO - Successfully uploaded fp/historical-metrics/fp-metrics-standard-2020.json to auctionaid/fp/historical-metrics/fp-metrics-standard-2020.json
2024-11-04 02:30:46,957 - data.s3Interface - INFO - Successfully uploaded fp/historical-metrics/fp-metrics-standard-2021.json to auctionaid/fp/historical-metrics/fp-metrics-standard-2021.json
2024-11-04 02:30:55,973 - data.s3Interface - INFO - Successfully uploaded fp/historical-metrics/fp-metrics-standard-2022.json to auctionaid/fp/historical-metrics/fp-metrics-standard-2022.json
2024-11-04 02:31:05,139 - data.s3Interface - INFO - Successfully uploaded fp/historical-metrics/fp-metrics-standard-2023.json to auctionaid/fp/historical-metrics/fp-metrics-standard-2023.json
2024-11-04 02:31:06,944 - data.s3Interface - INFO - Successfully uploaded fp/historical-metrics/fp-metrics-ppr-2020.json to auctionaid/fp/historical-metrics/fp-metrics-ppr-2020.json
2024-11-04 02:31:08,905 - data.s3Interface - INFO - Successfully uploaded fp/historical-metrics/fp-metrics-ppr-2021.json to auctionaid/fp/historical-metrics/fp-metrics-ppr-2021.json
2024-11-04 02:31:11,021 - data.s3Interface - INFO - Successfully uploaded fp/historical-metrics/fp-metrics-ppr-2022.json to auctionaid/fp/historical-metrics/fp-metrics-ppr-2022.json
2024-11-04 02:31:13,158 - data.s3Interface - INFO - Successfully uploaded fp/historical-metrics/fp-metrics-ppr-2023.json to auctionaid/fp/historical-metrics/fp-metrics-ppr-2023.json
2024-11-04 02:31:21,821 - data.s3Interface - INFO - Successfully uploaded fp/historical-metrics/fp-metrics-half-ppr-2020.json to auctionaid/fp/historical-metrics/fp-metrics-half-ppr-2020.json
2024-11-04 02:31:31,116 - data.s3Interface - INFO - Successfully uploaded fp/historical-metrics/fp-metrics-half-ppr-2021.json to auctionaid/fp/historical-metrics/fp-metrics-half-ppr-2021.json
2024-11-04 02:31:39,616 - data.s3Interface - INFO - Successfully uploaded fp/historical-metrics/fp-metrics-half-ppr-2022.json to auctionaid/fp/historical-metrics/fp-metrics-half-ppr-2022.json
2024-11-04 02:31:47,357 - data.s3Interface - INFO - Successfully uploaded fp/historical-metrics/fp-metrics-half-ppr-2023.json to auctionaid/fp/historical-metrics/fp-metrics-half-ppr-2023.json
2024-11-04 02:31:47,727 - data.s3Interface - INFO - Successfully uploaded fp/historical-metrics/fp-metrics-standard-allyearsasof-2024.json to auctionaid/fp/historical-metrics/fp-metrics-standard-allyearsasof-2024.json
2024-11-04 02:31:47,836 - data.s3Interface - INFO - Successfully uploaded fp/historical-metrics/fp-metrics-ppr-allyearsasof-2024.json to auctionaid/fp/historical-metrics/fp-metrics-ppr-allyearsasof-2024.json
2024-11-04 02:31:48,090 - data.s3Interface - INFO - Successfully uploaded fp/historical-metrics/fp-metrics-half-ppr-allyearsasof-2024.json to auctionaid/fp/historical-metrics/fp-metrics-half-ppr-allyearsasof-2024.json
2024-11-07 02:30:14,309 - data.s3Interface - INFO - Successfully uploaded fp/daily-projections/fp-projections-standard-20241107.json to auctionaid-test/fp/daily-projections/fp-projections-standard-20241107.json
2024-11-07 02:30:17,090 - data.s3Interface - INFO - Successfully uploaded fp/daily-projections/fp-projections-ppr-20241107.json to auctionaid-test/fp/daily-projections/fp-projections-ppr-20241107.json
2024-11-07 02:30:29,949 - data.s3Interface - INFO - Successfully uploaded fp/daily-projections/fp-projections-half-ppr-20241107.json to auctionaid-test/fp/daily-projections/fp-projections-half-ppr-20241107.json
2024-11-07 02:30:39,537 - data.s3Interface - INFO - Successfully uploaded fp/historical-projections/fp-projections-standard-2013.json to auctionaid-test/fp/historical-projections/fp-projections-standard-2013.json
2024-11-07 02:30:49,786 - data.s3Interface - INFO - Successfully uploaded fp/historical-projections/fp-projections-standard-2014.json to auctionaid-test/fp/historical-projections/fp-projections-standard-2014.json
2024-11-07 02:31:00,514 - data.s3Interface - INFO - Successfully uploaded fp/historical-projections/fp-projections-standard-2015.json to auctionaid-test/fp/historical-projections/fp-projections-standard-2015.json
2024-11-07 02:31:11,640 - data.s3Interface - INFO - Successfully uploaded fp/historical-projections/fp-projections-standard-2016.json to auctionaid-test/fp/historical-projections/fp-projections-standard-2016.json
2024-11-07 02:31:22,110 - data.s3Interface - INFO - Successfully uploaded fp/historical-projections/fp-projections-standard-2017.json to auctionaid-test/fp/historical-projections/fp-projections-standard-2017.json
2024-11-07 02:31:32,285 - data.s3Interface - INFO - Successfully uploaded fp/historical-projections/fp-projections-standard-2018.json to auctionaid-test/fp/historical-projections/fp-projections-standard-2018.json
2024-11-07 02:31:43,619 - data.s3Interface - INFO - Successfully uploaded fp/historical-projections/fp-projections-standard-2019.json to auctionaid-test/fp/historical-projections/fp-projections-standard-2019.json
2024-11-07 02:31:54,646 - data.s3Interface - INFO - Successfully uploaded fp/historical-projections/fp-projections-standard-2020.json to auctionaid-test/fp/historical-projections/fp-projections-standard-2020.json
2024-11-07 02:32:07,049 - data.s3Interface - INFO - Successfully uploaded fp/historical-projections/fp-projections-standard-2021.json to auctionaid-test/fp/historical-projections/fp-projections-standard-2021.json
2024-11-07 02:32:18,291 - data.s3Interface - INFO - Successfully uploaded fp/historical-projections/fp-projections-standard-2022.json to auctionaid-test/fp/historical-projections/fp-projections-standard-2022.json
2024-11-07 02:32:29,956 - data.s3Interface - INFO - Successfully uploaded fp/historical-projections/fp-projections-standard-2023.json to auctionaid-test/fp/historical-projections/fp-projections-standard-2023.json
2024-11-07 02:32:31,603 - data.s3Interface - INFO - Successfully uploaded fp/historical-projections/fp-projections-ppr-2013.json to auctionaid-test/fp/historical-projections/fp-projections-ppr-2013.json
2024-11-07 02:32:32,934 - data.s3Interface - INFO - Successfully uploaded fp/historical-projections/fp-projections-ppr-2014.json to auctionaid-test/fp/historical-projections/fp-projections-ppr-2014.json
2024-11-07 02:32:34,447 - data.s3Interface - INFO - Successfully uploaded fp/historical-projections/fp-projections-ppr-2015.json to auctionaid-test/fp/historical-projections/fp-projections-ppr-2015.json
2024-11-07 02:32:35,992 - data.s3Interface - INFO - Successfully uploaded fp/historical-projections/fp-projections-ppr-2016.json to auctionaid-test/fp/historical-projections/fp-projections-ppr-2016.json
2024-11-07 02:32:37,482 - data.s3Interface - INFO - Successfully uploaded fp/historical-projections/fp-projections-ppr-2017.json to auctionaid-test/fp/historical-projections/fp-projections-ppr-2017.json
2024-11-07 02:32:38,877 - data.s3Interface - INFO - Successfully uploaded fp/historical-projections/fp-projections-ppr-2018.json to auctionaid-test/fp/historical-projections/fp-projections-ppr-2018.json
2024-11-07 02:32:40,797 - data.s3Interface - INFO - Successfully uploaded fp/historical-projections/fp-projections-ppr-2019.json to auctionaid-test/fp/historical-projections/fp-projections-ppr-2019.json
2024-11-07 02:32:42,521 - data.s3Interface - INFO - Successfully uploaded fp/historical-projections/fp-projections-ppr-2020.json to auctionaid-test/fp/historical-projections/fp-projections-ppr-2020.json
2024-11-07 02:32:43,798 - data.s3Interface - INFO - Successfully uploaded fp/historical-projections/fp-projections-ppr-2021.json to auctionaid-test/fp/historical-projections/fp-projections-ppr-2021.json
2024-11-07 02:32:45,098 - data.s3Interface - INFO - Successfully uploaded fp/historical-projections/fp-projections-ppr-2022.json to auctionaid-test/fp/historical-projections/fp-projections-ppr-2022.json
2024-11-07 02:32:46,500 - data.s3Interface - INFO - Successfully uploaded fp/historical-projections/fp-projections-ppr-2023.json to auctionaid-test/fp/historical-projections/fp-projections-ppr-2023.json
2024-11-07 02:32:55,861 - data.s3Interface - INFO - Successfully uploaded fp/historical-projections/fp-projections-half-ppr-2013.json to auctionaid-test/fp/historical-projections/fp-projections-half-ppr-2013.json
2024-11-07 02:33:05,196 - data.s3Interface - INFO - Successfully uploaded fp/historical-projections/fp-projections-half-ppr-2014.json to auctionaid-test/fp/historical-projections/fp-projections-half-ppr-2014.json
2024-11-07 02:33:15,025 - data.s3Interface - INFO - Successfully uploaded fp/historical-projections/fp-projections-half-ppr-2015.json to auctionaid-test/fp/historical-projections/fp-projections-half-ppr-2015.json
2024-11-07 02:33:24,253 - data.s3Interface - INFO - Successfully uploaded fp/historical-projections/fp-projections-half-ppr-2016.json to auctionaid-test/fp/historical-projections/fp-projections-half-ppr-2016.json
2024-11-07 02:33:34,563 - data.s3Interface - INFO - Successfully uploaded fp/historical-projections/fp-projections-half-ppr-2017.json to auctionaid-test/fp/historical-projections/fp-projections-half-ppr-2017.json
2024-11-07 02:33:45,508 - data.s3Interface - INFO - Successfully uploaded fp/historical-projections/fp-projections-half-ppr-2018.json to auctionaid-test/fp/historical-projections/fp-projections-half-ppr-2018.json
2024-11-07 02:33:56,424 - data.s3Interface - INFO - Successfully uploaded fp/historical-projections/fp-projections-half-ppr-2019.json to auctionaid-test/fp/historical-projections/fp-projections-half-ppr-2019.json
2024-11-07 02:34:08,332 - data.s3Interface - INFO - Successfully uploaded fp/historical-projections/fp-projections-half-ppr-2020.json to auctionaid-test/fp/historical-projections/fp-projections-half-ppr-2020.json
2024-11-07 02:34:20,078 - data.s3Interface - INFO - Successfully uploaded fp/historical-projections/fp-projections-half-ppr-2021.json to auctionaid-test/fp/historical-projections/fp-projections-half-ppr-2021.json
2024-11-07 02:34:31,759 - data.s3Interface - INFO - Successfully uploaded fp/historical-projections/fp-projections-half-ppr-2022.json to auctionaid-test/fp/historical-projections/fp-projections-half-ppr-2022.json
2024-11-07 02:34:42,748 - data.s3Interface - INFO - Successfully uploaded fp/historical-projections/fp-projections-half-ppr-2023.json to auctionaid-test/fp/historical-projections/fp-projections-half-ppr-2023.json
2024-11-07 02:34:45,263 - data.s3Interface - INFO - Successfully uploaded fp/historical-projections/fp-projections-standard-allyearsasof-2024.json to auctionaid-test/fp/historical-projections/fp-projections-standard-allyearsasof-2024.json
2024-11-07 02:34:45,373 - data.s3Interface - INFO - Successfully uploaded fp/historical-projections/fp-projections-ppr-allyearsasof-2024.json to auctionaid-test/fp/historical-projections/fp-projections-ppr-allyearsasof-2024.json
2024-11-07 02:34:46,819 - data.s3Interface - INFO - Successfully uploaded fp/historical-projections/fp-projections-half-ppr-allyearsasof-2024.json to auctionaid-test/fp/historical-projections/fp-projections-half-ppr-allyearsasof-2024.json
2024-11-09 02:30:15,137 - data.s3Interface - INFO - Successfully uploaded fp/daily-projections/fp-projections-standard-20241109.json to auctionaid-test/fp/daily-projections/fp-projections-standard-20241109.json
2024-11-09 02:30:18,218 - data.s3Interface - INFO - Successfully uploaded fp/daily-projections/fp-projections-ppr-20241109.json to auctionaid-test/fp/daily-projections/fp-projections-ppr-20241109.json
2024-11-09 02:30:27,949 - data.s3Interface - INFO - Successfully uploaded fp/daily-projections/fp-projections-half-ppr-20241109.json to auctionaid-test/fp/daily-projections/fp-projections-half-ppr-20241109.json
2024-11-13 02:30:27,414 - data.s3Interface - INFO - Successfully uploaded fp/daily-projections/fp-projections-standard-20241113.json to auctionaid/fp/daily-projections/fp-projections-standard-20241113.json
2024-11-13 02:30:30,164 - data.s3Interface - INFO - Successfully uploaded fp/daily-projections/fp-projections-ppr-20241113.json to auctionaid/fp/daily-projections/fp-projections-ppr-20241113.json
2024-11-13 02:30:40,759 - data.s3Interface - INFO - Successfully uploaded fp/daily-projections/fp-projections-half-ppr-20241113.json to auctionaid/fp/daily-projections/fp-projections-half-ppr-20241113.json
2024-11-14 02:30:16,579 - data.s3Interface - INFO - Successfully uploaded fp/daily-projections/fp-projections-standard-20241114.json to auctionaid/fp/daily-projections/fp-projections-standard-20241114.json
2024-11-14 02:30:19,377 - data.s3Interface - INFO - Successfully uploaded fp/daily-projections/fp-projections-ppr-20241114.json to auctionaid/fp/daily-projections/fp-projections-ppr-20241114.json
2024-11-14 02:30:30,608 - data.s3Interface - INFO - Successfully uploaded fp/daily-projections/fp-projections-half-ppr-20241114.json to auctionaid/fp/daily-projections/fp-projections-half-ppr-20241114.json
2024-12-04 02:30:16,499 - data.s3Interface - INFO - Successfully uploaded fp/daily-projections/fp-projections-standard-20241204.json to auctionaid/fp/daily-projections/fp-projections-standard-20241204.json
2024-12-04 02:30:19,657 - data.s3Interface - INFO - Successfully uploaded fp/daily-projections/fp-projections-ppr-20241204.json to auctionaid/fp/daily-projections/fp-projections-ppr-20241204.json
2024-12-04 02:30:32,802 - data.s3Interface - INFO - Successfully uploaded fp/daily-projections/fp-projections-half-ppr-20241204.json to auctionaid/fp/daily-projections/fp-projections-half-ppr-20241204.json
2024-12-05 02:30:14,161 - data.s3Interface - INFO - Successfully uploaded fp/daily-projections/fp-projections-standard-20241205.json to auctionaid/fp/daily-projections/fp-projections-standard-20241205.json
2024-12-05 02:30:17,006 - data.s3Interface - INFO - Successfully uploaded fp/daily-projections/fp-projections-ppr-20241205.json to auctionaid/fp/daily-projections/fp-projections-ppr-20241205.json
2024-12-05 02:30:29,595 - data.s3Interface - INFO - Successfully uploaded fp/daily-projections/fp-projections-half-ppr-20241205.json to auctionaid/fp/daily-projections/fp-projections-half-ppr-20241205.json
2024-12-07 02:30:17,242 - data.s3Interface - INFO - Successfully uploaded fp/daily-projections/fp-projections-standard-20241207.json to auctionaid/fp/daily-projections/fp-projections-standard-20241207.json
2024-12-07 02:30:20,052 - data.s3Interface - INFO - Successfully uploaded fp/daily-projections/fp-projections-ppr-20241207.json to auctionaid/fp/daily-projections/fp-projections-ppr-20241207.json
2024-12-07 02:30:31,952 - data.s3Interface - INFO - Successfully uploaded fp/daily-projections/fp-projections-half-ppr-20241207.json to auctionaid/fp/daily-projections/fp-projections-half-ppr-20241207.json
2024-12-10 02:30:16,786 - data.s3Interface - INFO - Successfully uploaded fp/daily-projections/fp-projections-standard-20241210.json to auctionaid/fp/daily-projections/fp-projections-standard-20241210.json
2024-12-10 02:30:20,195 - data.s3Interface - INFO - Successfully uploaded fp/daily-projections/fp-projections-ppr-20241210.json to auctionaid/fp/daily-projections/fp-projections-ppr-20241210.json
2024-12-10 02:30:33,277 - data.s3Interface - INFO - Successfully uploaded fp/daily-projections/fp-projections-half-ppr-20241210.json to auctionaid/fp/daily-projections/fp-projections-half-ppr-20241210.json
2024-12-11 02:30:15,520 - data.s3Interface - INFO - Successfully uploaded fp/daily-projections/fp-projections-standard-20241211.json to auctionaid/fp/daily-projections/fp-projections-standard-20241211.json
2024-12-11 02:30:17,917 - data.s3Interface - INFO - Successfully uploaded fp/daily-projections/fp-projections-ppr-20241211.json to auctionaid/fp/daily-projections/fp-projections-ppr-20241211.json
2024-12-11 02:30:30,051 - data.s3Interface - INFO - Successfully uploaded fp/daily-projections/fp-projections-half-ppr-20241211.json to auctionaid/fp/daily-projections/fp-projections-half-ppr-20241211.json
2024-12-24 02:30:28,368 - data.s3Interface - INFO - Successfully uploaded fp/daily-projections/fp-projections-standard-20241224.json to auctionaid/fp/daily-projections/fp-projections-standard-20241224.json
2024-12-24 02:30:31,221 - data.s3Interface - INFO - Successfully uploaded fp/daily-projections/fp-projections-ppr-20241224.json to auctionaid/fp/daily-projections/fp-projections-ppr-20241224.json
2024-12-24 02:30:44,465 - data.s3Interface - INFO - Successfully uploaded fp/daily-projections/fp-projections-half-ppr-20241224.json to auctionaid/fp/daily-projections/fp-projections-half-ppr-20241224.json
2024-12-28 02:30:16,532 - data.s3Interface - INFO - Successfully uploaded fp/daily-projections/fp-projections-standard-20241228.json to auctionaid/fp/daily-projections/fp-projections-standard-20241228.json
2024-12-28 02:30:19,209 - data.s3Interface - INFO - Successfully uploaded fp/daily-projections/fp-projections-ppr-20241228.json to auctionaid/fp/daily-projections/fp-projections-ppr-20241228.json
2024-12-28 02:30:33,203 - data.s3Interface - INFO - Successfully uploaded fp/daily-projections/fp-projections-half-ppr-20241228.json to auctionaid/fp/daily-projections/fp-projections-half-ppr-20241228.json
2025-01-01 02:30:16,576 - data.s3Interface - INFO - Successfully uploaded fp/daily-projections/fp-projections-standard-20250101.json to auctionaid/fp/daily-projections/fp-projections-standard-20250101.json
2025-01-01 02:30:20,758 - data.s3Interface - INFO - Successfully uploaded fp/daily-projections/fp-projections-ppr-20250101.json to auctionaid/fp/daily-projections/fp-projections-ppr-20250101.json
2025-01-01 02:30:32,474 - data.s3Interface - INFO - Successfully uploaded fp/daily-projections/fp-projections-half-ppr-20250101.json to auctionaid/fp/daily-projections/fp-projections-half-ppr-20250101.json
2025-01-04 02:30:19,477 - data.s3Interface - INFO - Successfully uploaded fp/daily-projections/fp-projections-standard-20250104.json to auctionaid/fp/daily-projections/fp-projections-standard-20250104.json
2025-01-04 02:30:22,500 - data.s3Interface - INFO - Successfully uploaded fp/daily-projections/fp-projections-ppr-20250104.json to auctionaid/fp/daily-projections/fp-projections-ppr-20250104.json
2025-01-04 02:30:34,478 - data.s3Interface - INFO - Successfully uploaded fp/daily-projections/fp-projections-half-ppr-20250104.json to auctionaid/fp/daily-projections/fp-projections-half-ppr-20250104.json
2025-01-08 02:30:15,939 - data.s3Interface - INFO - Successfully uploaded fp/daily-projections/fp-projections-standard-20250108.json to auctionaid/fp/daily-projections/fp-projections-standard-20250108.json
2025-01-08 02:30:19,811 - data.s3Interface - INFO - Successfully uploaded fp/daily-projections/fp-projections-ppr-20250108.json to auctionaid/fp/daily-projections/fp-projections-ppr-20250108.json
2025-01-08 02:30:32,789 - data.s3Interface - INFO - Successfully uploaded fp/daily-projections/fp-projections-half-ppr-20250108.json to auctionaid/fp/daily-projections/fp-projections-half-ppr-20250108.json
2025-01-09 02:30:16,454 - data.s3Interface - INFO - Successfully uploaded fp/daily-projections/fp-projections-standard-20250109.json to auctionaid/fp/daily-projections/fp-projections-standard-20250109.json
2025-01-09 02:30:20,976 - data.s3Interface - INFO - Successfully uploaded fp/daily-projections/fp-projections-ppr-20250109.json to auctionaid/fp/daily-projections/fp-projections-ppr-20250109.json
2025-01-09 02:30:33,010 - data.s3Interface - INFO - Successfully uploaded fp/daily-projections/fp-projections-half-ppr-20250109.json to auctionaid/fp/daily-projections/fp-projections-half-ppr-20250109.json
2025-01-17 02:30:28,955 - data.s3Interface - INFO - Successfully uploaded fp/daily-projections/fp-projections-standard-20250117.json to auctionaid/fp/daily-projections/fp-projections-standard-20250117.json
2025-01-17 02:30:34,952 - data.s3Interface - INFO - Successfully uploaded fp/daily-projections/fp-projections-ppr-20250117.json to auctionaid/fp/daily-projections/fp-projections-ppr-20250117.json
2025-01-17 02:30:47,828 - data.s3Interface - INFO - Successfully uploaded fp/daily-projections/fp-projections-half-ppr-20250117.json to auctionaid/fp/daily-projections/fp-projections-half-ppr-20250117.json
2025-01-18 02:30:26,019 - data.s3Interface - INFO - Successfully uploaded fp/daily-projections/fp-projections-standard-20250118.json to auctionaid/fp/daily-projections/fp-projections-standard-20250118.json
2025-01-18 02:30:30,223 - data.s3Interface - INFO - Successfully uploaded fp/daily-projections/fp-projections-ppr-20250118.json to auctionaid/fp/daily-projections/fp-projections-ppr-20250118.json
2025-01-18 02:30:42,965 - data.s3Interface - INFO - Successfully uploaded fp/daily-projections/fp-projections-half-ppr-20250118.json to auctionaid/fp/daily-projections/fp-projections-half-ppr-20250118.json
2025-01-28 02:30:25,957 - data.s3Interface - INFO - Successfully uploaded fp/daily-projections/fp-projections-standard-20250128.json to auctionaid/fp/daily-projections/fp-projections-standard-20250128.json
2025-01-28 02:30:28,277 - data.s3Interface - INFO - Successfully uploaded fp/daily-projections/fp-projections-ppr-20250128.json to auctionaid/fp/daily-projections/fp-projections-ppr-20250128.json
2025-01-28 02:30:39,182 - data.s3Interface - INFO - Successfully uploaded fp/daily-projections/fp-projections-half-ppr-20250128.json to auctionaid/fp/daily-projections/fp-projections-half-ppr-20250128.json
2025-01-29 02:30:25,043 - data.s3Interface - INFO - Successfully uploaded fp/daily-projections/fp-projections-standard-20250129.json to auctionaid/fp/daily-projections/fp-projections-standard-20250129.json
2025-01-29 02:30:27,424 - data.s3Interface - INFO - Successfully uploaded fp/daily-projections/fp-projections-ppr-20250129.json to auctionaid/fp/daily-projections/fp-projections-ppr-20250129.json
2025-01-29 02:30:39,111 - data.s3Interface - INFO - Successfully uploaded fp/daily-projections/fp-projections-half-ppr-20250129.json to auctionaid/fp/daily-projections/fp-projections-half-ppr-20250129.json
2025-01-30 02:30:27,117 - data.s3Interface - INFO - Successfully uploaded fp/daily-projections/fp-projections-standard-20250130.json to auctionaid/fp/daily-projections/fp-projections-standard-20250130.json
2025-01-30 02:30:29,501 - data.s3Interface - INFO - Successfully uploaded fp/daily-projections/fp-projections-ppr-20250130.json to auctionaid/fp/daily-projections/fp-projections-ppr-20250130.json
2025-01-30 02:30:40,886 - data.s3Interface - INFO - Successfully uploaded fp/daily-projections/fp-projections-half-ppr-20250130.json to auctionaid/fp/daily-projections/fp-projections-half-ppr-20250130.json
2025-02-06 02:30:24,807 - data.s3Interface - INFO - Successfully uploaded fp/daily-projections/fp-projections-standard-20250206.json to auctionaid/fp/daily-projections/fp-projections-standard-20250206.json
2025-02-06 02:30:27,465 - data.s3Interface - INFO - Successfully uploaded fp/daily-projections/fp-projections-ppr-20250206.json to auctionaid/fp/daily-projections/fp-projections-ppr-20250206.json
2025-02-06 02:30:38,185 - data.s3Interface - INFO - Successfully uploaded fp/daily-projections/fp-projections-half-ppr-20250206.json to auctionaid/fp/daily-projections/fp-projections-half-ppr-20250206.json
2025-02-13 02:30:25,975 - data.s3Interface - INFO - Successfully uploaded fp/daily-projections/fp-projections-standard-20250213.json to auctionaid/fp/daily-projections/fp-projections-standard-20250213.json
2025-02-13 02:30:29,184 - data.s3Interface - INFO - Successfully uploaded fp/daily-projections/fp-projections-ppr-20250213.json to auctionaid/fp/daily-projections/fp-projections-ppr-20250213.json
2025-02-13 02:30:42,291 - data.s3Interface - INFO - Successfully uploaded fp/daily-projections/fp-projections-half-ppr-20250213.json to auctionaid/fp/daily-projections/fp-projections-half-ppr-20250213.json
2025-02-14 02:30:15,536 - data.s3Interface - INFO - Successfully uploaded fp/daily-projections/fp-projections-standard-20250214.json to auctionaid/fp/daily-projections/fp-projections-standard-20250214.json
2025-02-14 02:30:18,511 - data.s3Interface - INFO - Successfully uploaded fp/daily-projections/fp-projections-ppr-20250214.json to auctionaid/fp/daily-projections/fp-projections-ppr-20250214.json
2025-02-14 02:30:28,598 - data.s3Interface - INFO - Successfully uploaded fp/daily-projections/fp-projections-half-ppr-20250214.json to auctionaid/fp/daily-projections/fp-projections-half-ppr-20250214.json
2025-02-15 02:30:25,095 - data.s3Interface - INFO - Successfully uploaded fp/daily-projections/fp-projections-standard-20250215.json to auctionaid/fp/daily-projections/fp-projections-standard-20250215.json
2025-02-15 02:30:27,534 - data.s3Interface - INFO - Successfully uploaded fp/daily-projections/fp-projections-ppr-20250215.json to auctionaid/fp/daily-projections/fp-projections-ppr-20250215.json
2025-02-15 02:30:40,108 - data.s3Interface - INFO - Successfully uploaded fp/daily-projections/fp-projections-half-ppr-20250215.json to auctionaid/fp/daily-projections/fp-projections-half-ppr-20250215.json
2025-02-19 02:30:24,692 - data.s3Interface - INFO - Successfully uploaded fp/daily-projections/fp-projections-standard-20250219.json to auctionaid/fp/daily-projections/fp-projections-standard-20250219.json
2025-02-19 02:30:27,360 - data.s3Interface - INFO - Successfully uploaded fp/daily-projections/fp-projections-ppr-20250219.json to auctionaid/fp/daily-projections/fp-projections-ppr-20250219.json
2025-02-19 02:30:37,465 - data.s3Interface - INFO - Successfully uploaded fp/daily-projections/fp-projections-half-ppr-20250219.json to auctionaid/fp/daily-projections/fp-projections-half-ppr-20250219.json
2025-02-27 02:30:28,103 - data.s3Interface - INFO - Successfully uploaded fp/daily-projections/fp-projections-standard-20250227.json to auctionaid/fp/daily-projections/fp-projections-standard-20250227.json
2025-02-27 02:30:31,099 - data.s3Interface - INFO - Successfully uploaded fp/daily-projections/fp-projections-ppr-20250227.json to auctionaid/fp/daily-projections/fp-projections-ppr-20250227.json
2025-02-27 02:30:40,605 - data.s3Interface - INFO - Successfully uploaded fp/daily-projections/fp-projections-half-ppr-20250227.json to auctionaid/fp/daily-projections/fp-projections-half-ppr-20250227.json
2025-03-04 02:30:14,800 - data.s3Interface - INFO - Successfully uploaded fp/daily-projections/fp-projections-standard-20250304.json to auctionaid/fp/daily-projections/fp-projections-standard-20250304.json
2025-03-04 02:30:17,464 - data.s3Interface - INFO - Successfully uploaded fp/daily-projections/fp-projections-ppr-20250304.json to auctionaid/fp/daily-projections/fp-projections-ppr-20250304.json
2025-03-04 02:30:29,118 - data.s3Interface - INFO - Successfully uploaded fp/daily-projections/fp-projections-half-ppr-20250304.json to auctionaid/fp/daily-projections/fp-projections-half-ppr-20250304.json
2025-03-05 02:30:34,860 - data.s3Interface - INFO - Successfully uploaded fp/daily-projections/fp-projections-standard-20250305.json to auctionaid/fp/daily-projections/fp-projections-standard-20250305.json
2025-03-05 02:30:38,687 - data.s3Interface - INFO - Successfully uploaded fp/daily-projections/fp-projections-ppr-20250305.json to auctionaid/fp/daily-projections/fp-projections-ppr-20250305.json
2025-03-05 02:30:49,799 - data.s3Interface - INFO - Successfully uploaded fp/daily-projections/fp-projections-half-ppr-20250305.json to auctionaid/fp/daily-projections/fp-projections-half-ppr-20250305.json
2025-03-07 02:30:25,491 - data.s3Interface - INFO - Successfully uploaded fp/daily-projections/fp-projections-standard-20250307.json to auctionaid/fp/daily-projections/fp-projections-standard-20250307.json
2025-03-07 02:30:28,954 - data.s3Interface - INFO - Successfully uploaded fp/daily-projections/fp-projections-ppr-20250307.json to auctionaid/fp/daily-projections/fp-projections-ppr-20250307.json
2025-03-07 02:30:40,891 - data.s3Interface - INFO - Successfully uploaded fp/daily-projections/fp-projections-half-ppr-20250307.json to auctionaid/fp/daily-projections/fp-projections-half-ppr-20250307.json
2025-03-12 02:30:28,073 - data.s3Interface - INFO - Successfully uploaded fp/daily-projections/fp-projections-standard-20250312.json to auctionaid/fp/daily-projections/fp-projections-standard-20250312.json
2025-03-12 02:30:31,016 - data.s3Interface - INFO - Successfully uploaded fp/daily-projections/fp-projections-ppr-20250312.json to auctionaid/fp/daily-projections/fp-projections-ppr-20250312.json
2025-03-12 02:30:41,955 - data.s3Interface - INFO - Successfully uploaded fp/daily-projections/fp-projections-half-ppr-20250312.json to auctionaid/fp/daily-projections/fp-projections-half-ppr-20250312.json
2025-03-14 02:30:23,418 - data.s3Interface - INFO - Successfully uploaded fp/daily-projections/fp-projections-standard-20250314.json to auctionaid/fp/daily-projections/fp-projections-standard-20250314.json
2025-03-14 02:30:26,086 - data.s3Interface - INFO - Successfully uploaded fp/daily-projections/fp-projections-ppr-20250314.json to auctionaid/fp/daily-projections/fp-projections-ppr-20250314.json
2025-03-14 02:30:35,477 - data.s3Interface - INFO - Successfully uploaded fp/daily-projections/fp-projections-half-ppr-20250314.json to auctionaid/fp/daily-projections/fp-projections-half-ppr-20250314.json
2025-04-01 02:30:36,568 - data.s3Interface - INFO - Successfully uploaded fp/daily-projections/fp-projections-standard-20250401.json to auctionaid/fp/daily-projections/fp-projections-standard-20250401.json
2025-04-01 02:30:40,425 - data.s3Interface - INFO - Successfully uploaded fp/daily-projections/fp-projections-ppr-20250401.json to auctionaid/fp/daily-projections/fp-projections-ppr-20250401.json
2025-04-01 02:30:51,300 - data.s3Interface - INFO - Successfully uploaded fp/daily-projections/fp-projections-half-ppr-20250401.json to auctionaid/fp/daily-projections/fp-projections-half-ppr-20250401.json
2025-04-03 02:30:24,973 - data.s3Interface - INFO - Successfully uploaded fp/daily-projections/fp-projections-standard-20250403.json to auctionaid/fp/daily-projections/fp-projections-standard-20250403.json
2025-04-03 02:30:27,371 - data.s3Interface - INFO - Successfully uploaded fp/daily-projections/fp-projections-ppr-20250403.json to auctionaid/fp/daily-projections/fp-projections-ppr-20250403.json
2025-04-03 02:30:38,551 - data.s3Interface - INFO - Successfully uploaded fp/daily-projections/fp-projections-half-ppr-20250403.json to auctionaid/fp/daily-projections/fp-projections-half-ppr-20250403.json
2025-04-04 02:30:22,741 - data.s3Interface - INFO - Successfully uploaded fp/daily-projections/fp-projections-standard-20250404.json to auctionaid/fp/daily-projections/fp-projections-standard-20250404.json
2025-04-04 02:30:25,117 - data.s3Interface - INFO - Successfully uploaded fp/daily-projections/fp-projections-ppr-20250404.json to auctionaid/fp/daily-projections/fp-projections-ppr-20250404.json
2025-04-04 02:30:36,666 - data.s3Interface - INFO - Successfully uploaded fp/daily-projections/fp-projections-half-ppr-20250404.json to auctionaid/fp/daily-projections/fp-projections-half-ppr-20250404.json
2025-04-10 02:30:34,624 - data.s3Interface - INFO - Successfully uploaded fp/daily-projections/fp-projections-standard-20250410.json to auctionaid/fp/daily-projections/fp-projections-standard-20250410.json
2025-04-10 02:30:37,586 - data.s3Interface - INFO - Successfully uploaded fp/daily-projections/fp-projections-ppr-20250410.json to auctionaid/fp/daily-projections/fp-projections-ppr-20250410.json
2025-04-10 02:30:48,034 - data.s3Interface - INFO - Successfully uploaded fp/daily-projections/fp-projections-half-ppr-20250410.json to auctionaid/fp/daily-projections/fp-projections-half-ppr-20250410.json
2025-04-11 02:30:15,389 - data.s3Interface - INFO - Successfully uploaded fp/daily-projections/fp-projections-standard-20250411.json to auctionaid/fp/daily-projections/fp-projections-standard-20250411.json
2025-04-11 02:30:18,093 - data.s3Interface - INFO - Successfully uploaded fp/daily-projections/fp-projections-ppr-20250411.json to auctionaid/fp/daily-projections/fp-projections-ppr-20250411.json
2025-04-11 02:30:29,713 - data.s3Interface - INFO - Successfully uploaded fp/daily-projections/fp-projections-half-ppr-20250411.json to auctionaid/fp/daily-projections/fp-projections-half-ppr-20250411.json
2025-04-12 02:30:24,066 - data.s3Interface - INFO - Successfully uploaded fp/daily-projections/fp-projections-standard-20250412.json to auctionaid/fp/daily-projections/fp-projections-standard-20250412.json
2025-04-12 02:30:27,111 - data.s3Interface - INFO - Successfully uploaded fp/daily-projections/fp-projections-ppr-20250412.json to auctionaid/fp/daily-projections/fp-projections-ppr-20250412.json
2025-04-12 02:30:37,902 - data.s3Interface - INFO - Successfully uploaded fp/daily-projections/fp-projections-half-ppr-20250412.json to auctionaid/fp/daily-projections/fp-projections-half-ppr-20250412.json
2025-04-13 02:30:14,772 - data.s3Interface - INFO - Successfully uploaded fp/daily-projections/fp-projections-standard-20250413.json to auctionaid/fp/daily-projections/fp-projections-standard-20250413.json
2025-04-13 02:30:16,681 - data.s3Interface - INFO - Successfully uploaded fp/daily-projections/fp-projections-ppr-20250413.json to auctionaid/fp/daily-projections/fp-projections-ppr-20250413.json
2025-04-13 02:30:27,710 - data.s3Interface - INFO - Successfully uploaded fp/daily-projections/fp-projections-half-ppr-20250413.json to auctionaid/fp/daily-projections/fp-projections-half-ppr-20250413.json
2025-04-14 02:30:14,300 - data.s3Interface - INFO - Successfully uploaded fp/daily-projections/fp-projections-standard-20250414.json to auctionaid/fp/daily-projections/fp-projections-standard-20250414.json
2025-04-14 02:30:16,991 - data.s3Interface - INFO - Successfully uploaded fp/daily-projections/fp-projections-ppr-20250414.json to auctionaid/fp/daily-projections/fp-projections-ppr-20250414.json
2025-04-14 02:30:27,474 - data.s3Interface - INFO - Successfully uploaded fp/daily-projections/fp-projections-half-ppr-20250414.json to auctionaid/fp/daily-projections/fp-projections-half-ppr-20250414.json
Traceback (most recent call last):
  File "/Users/ryanlynch/Desktop/Desktop/Career/TechnicalProjects/2_AuctionAid/backend/cron.py", line 1, in <module>
    from data.data_pipline import scrape_daily_fantasypros_projections, scrape_historical_fantasypros_projections
  File "/Users/ryanlynch/Desktop/Desktop/Career/TechnicalProjects/2_AuctionAid/backend/data/data_pipline.py", line 6, in <module>
    from data.s3Interface import S3Uploader
ModuleNotFoundError: No module named 'data.s3Interface'
Traceback (most recent call last):
  File "/Users/ryanlynch/Desktop/Desktop/Career/TechnicalProjects/2_AuctionAid/backend/cron.py", line 1, in <module>
    from data.data_pipline import scrape_daily_fantasypros_projections, scrape_historical_fantasypros_projections
  File "/Users/ryanlynch/Desktop/Desktop/Career/TechnicalProjects/2_AuctionAid/backend/data/data_pipline.py", line 6, in <module>
    from data.s3Interface import S3Uploader
ModuleNotFoundError: No module named 'data.s3Interface'
Traceback (most recent call last):
  File "/Users/ryanlynch/Desktop/Desktop/Career/TechnicalProjects/2_AuctionAid/backend/cron.py", line 1, in <module>
    from data.data_pipline import scrape_daily_fantasypros_projections, scrape_historical_fantasypros_projections
  File "/Users/ryanlynch/Desktop/Desktop/Career/TechnicalProjects/2_AuctionAid/backend/data/data_pipline.py", line 6, in <module>
    from data.s3Interface import S3Uploader
ModuleNotFoundError: No module named 'data.s3Interface'
/bin/sh: /Users/ryanlynch/Desktop/Desktop/Career/TechnicalProjects/2_AuctionAid/cronAuction/bin/python: No such file or directory
/bin/sh: /Users/ryanlynch/Desktop/Desktop/Career/TechnicalProjects/2_AuctionAid/cronAuction/bin/python: No such file or directory
/bin/sh: /Users/ryanlynch/Desktop/Desktop/Career/TechnicalProjects/2_AuctionAid/cronAuction/bin/python: No such file or directory
/bin/sh: /Users/ryanlynch/Desktop/Desktop/Career/TechnicalProjects/2_AuctionAid/cronAuction/bin/python: No such file or directory
/bin/sh: /Users/ryanlynch/Desktop/Desktop/Career/TechnicalProjects/2_AuctionAid/cronAuction/bin/python: No such file or directory
/bin/sh: /Users/ryanlynch/Desktop/Desktop/Career/TechnicalProjects/2_AuctionAid/cronAuction/bin/python: No such file or directory
/bin/sh: /Users/ryanlynch/Desktop/Desktop/Career/TechnicalProjects/2_AuctionAid/cronAuction/bin/python: No such file or directory
/bin/sh: /Users/ryanlynch/Desktop/Desktop/Career/TechnicalProjects/2_AuctionAid/cronAuction/bin/python: No such file or directory
/bin/sh: /Users/ryanlynch/Desktop/Desktop/Career/TechnicalProjects/2_AuctionAid/cronAuction/bin/python: No such file or directory
/bin/sh: /Users/ryanlynch/Desktop/Desktop/Career/TechnicalProjects/2_AuctionAid/cronAuction/bin/python: No such file or directory
/bin/sh: /Users/ryanlynch/Desktop/Desktop/Career/TechnicalProjects/2_AuctionAid/cronAuction/bin/python: No such file or directory
/bin/sh: /Users/ryanlynch/Desktop/Desktop/Career/TechnicalProjects/2_AuctionAid/cronAuction/bin/python: No such file or directory
/bin/sh: /Users/ryanlynch/Desktop/Desktop/Career/TechnicalProjects/2_AuctionAid/cronAuction/bin/python: No such file or directory
/bin/sh: /Users/ryanlynch/Desktop/Desktop/Career/TechnicalProjects/2_AuctionAid/cronAuction/bin/python: No such file or directory
/bin/sh: /Users/ryanlynch/Desktop/Desktop/Career/TechnicalProjects/2_AuctionAid/cronAuction/bin/python: No such file or directory
/bin/sh: /Users/ryanlynch/Desktop/Desktop/Career/TechnicalProjects/2_AuctionAid/cronAuction/bin/python: No such file or directory
/bin/sh: /Users/ryanlynch/Desktop/Desktop/Career/TechnicalProjects/2_AuctionAid/cronAuction/bin/python: No such file or directory
/bin/sh: /Users/ryanlynch/Desktop/Desktop/Career/TechnicalProjects/2_AuctionAid/cronAuction/bin/python: No such file or directory
/bin/sh: /Users/ryanlynch/Desktop/Desktop/Career/TechnicalProjects/2_AuctionAid/cronAuction/bin/python: No such file or directory
/bin/sh: /Users/ryanlynch/Desktop/Desktop/Career/TechnicalProjects/2_AuctionAid/cronAuction/bin/python: No such file or directory
/bin/sh: /Users/ryanlynch/Desktop/Desktop/Career/TechnicalProjects/2_AuctionAid/cronAuction/bin/python: No such file or directory
/bin/sh: /Users/ryanlynch/Desktop/Desktop/Career/TechnicalProjects/2_AuctionAid/cronAuction/bin/python: No such file or directory
/bin/sh: /Users/ryanlynch/Desktop/Desktop/Career/TechnicalProjects/2_AuctionAid/cronAuction/bin/python: No such file or directory
/bin/sh: /Users/ryanlynch/Desktop/Desktop/Career/TechnicalProjects/2_AuctionAid/cronAuction/bin/python: No such file or directory
/bin/sh: /Users/ryanlynch/Desktop/Desktop/Career/TechnicalProjects/2_AuctionAid/cronAuction/bin/python: No such file or directory
/bin/sh: /Users/ryanlynch/Desktop/Desktop/Career/TechnicalProjects/2_AuctionAid/cronAuction/bin/python: No such file or directory
/bin/sh: /Users/ryanlynch/Desktop/Desktop/Career/TechnicalProjects/2_AuctionAid/cronAuction/bin/python: No such file or directory
/bin/sh: /Users/ryanlynch/Desktop/Desktop/Career/TechnicalProjects/2_AuctionAid/cronAuction/bin/python: No such file or directory
/bin/sh: /Users/ryanlynch/Desktop/Desktop/Career/TechnicalProjects/2_AuctionAid/cronAuction/bin/python: No such file or directory
/bin/sh: /Users/ryanlynch/Desktop/Desktop/Career/TechnicalProjects/2_AuctionAid/cronAuction/bin/python: No such file or directory
/bin/sh: /Users/ryanlynch/Desktop/Desktop/Career/TechnicalProjects/2_AuctionAid/cronAuction/bin/python: No such file or directory
/bin/sh: /Users/ryanlynch/Desktop/Desktop/Career/TechnicalProjects/2_AuctionAid/cronAuction/bin/python: No such file or directory
/bin/sh: /Users/ryanlynch/Desktop/Desktop/Career/TechnicalProjects/2_AuctionAid/cronAuction/bin/python: No such file or directory
/bin/sh: /Users/ryanlynch/Desktop/Desktop/Career/TechnicalProjects/2_AuctionAid/cronAuction/bin/python: No such file or directory
/bin/sh: /Users/ryanlynch/Desktop/Desktop/Career/TechnicalProjects/2_AuctionAid/cronAuction/bin/python: No such file or directory
/bin/sh: /Users/ryanlynch/Desktop/Desktop/Career/TechnicalProjects/2_AuctionAid/cronAuction/bin/python: No such file or directory
/bin/sh: /Users/ryanlynch/Desktop/Desktop/Career/TechnicalProjects/2_AuctionAid/cronAuction/bin/python: No such file or directory
/bin/sh: /Users/ryanlynch/Desktop/Desktop/Career/TechnicalProjects/2_AuctionAid/cronAuction/bin/python: No such file or directory
/bin/sh: /Users/ryanlynch/Desktop/Desktop/Career/TechnicalProjects/2_AuctionAid/cronAuction/bin/python: No such file or directory
/bin/sh: /Users/ryanlynch/Desktop/Desktop/Career/TechnicalProjects/2_AuctionAid/cronAuction/bin/python: No such file or directory
/bin/sh: /Users/ryanlynch/Desktop/Desktop/Career/TechnicalProjects/2_AuctionAid/cronAuction/bin/python: No such file or directory
/bin/sh: /Users/ryanlynch/Desktop/Desktop/Career/TechnicalProjects/2_AuctionAid/cronAuction/bin/python: No such file or directory
/bin/sh: /Users/ryanlynch/Desktop/Desktop/Career/TechnicalProjects/2_AuctionAid/cronAuction/bin/python: No such file or directory
/bin/sh: /Users/ryanlynch/Desktop/Desktop/Career/TechnicalProjects/2_AuctionAid/cronAuction/bin/python: No such file or directory
/bin/sh: /Users/ryanlynch/Desktop/Desktop/Career/TechnicalProjects/2_AuctionAid/cronAuction/bin/python: No such file or directory
/bin/sh: /Users/ryanlynch/Desktop/Desktop/Career/TechnicalProjects/2_AuctionAid/cronAuction/bin/python: No such file or directory
/bin/sh: /Users/ryanlynch/Desktop/Desktop/Career/TechnicalProjects/2_AuctionAid/cronAuction/bin/python: No such file or directory
/bin/sh: /Users/ryanlynch/Desktop/Desktop/Career/TechnicalProjects/2_AuctionAid/cronAuction/bin/python: No such file or directory
/bin/sh: /Users/ryanlynch/Desktop/Desktop/Career/TechnicalProjects/2_AuctionAid/cronAuction/bin/python: No such file or directory
/bin/sh: /Users/ryanlynch/Desktop/Desktop/Career/TechnicalProjects/2_AuctionAid/cronAuction/bin/python: No such file or directory
/bin/sh: /Users/ryanlynch/Desktop/Desktop/Career/TechnicalProjects/2_AuctionAid/cronAuction/bin/python: No such file or directory
/bin/sh: /Users/ryanlynch/Desktop/Desktop/Career/TechnicalProjects/2_AuctionAid/cronAuction/bin/python: No such file or directory
/bin/sh: /Users/ryanlynch/Desktop/Desktop/Career/TechnicalProjects/2_AuctionAid/cronAuction/bin/python: No such file or directory
/bin/sh: /Users/ryanlynch/Desktop/Desktop/Career/TechnicalProjects/2_AuctionAid/cronAuction/bin/python: No such file or directory
/bin/sh: /Users/ryanlynch/Desktop/Desktop/Career/TechnicalProjects/2_AuctionAid/cronAuction/bin/python: No such file or directory
/bin/sh: /Users/ryanlynch/Desktop/Desktop/Career/TechnicalProjects/2_AuctionAid/cronAuction/bin/python: No such file or directory
/bin/sh: /Users/ryanlynch/Desktop/Desktop/Career/TechnicalProjects/2_AuctionAid/cronAuction/bin/python: No such file or directory
/bin/sh: /Users/ryanlynch/Desktop/Desktop/Career/TechnicalProjects/2_AuctionAid/cronAuction/bin/python: No such file or directory
/bin/sh: /Users/ryanlynch/Desktop/Desktop/Career/TechnicalProjects/2_AuctionAid/cronAuction/bin/python: No such file or directory
/bin/sh: /Users/ryanlynch/Desktop/Desktop/Career/TechnicalProjects/2_AuctionAid/cronAuction/bin/python: No such file or directory
/bin/sh: /Users/ryanlynch/Desktop/Desktop/Career/TechnicalProjects/2_AuctionAid/cronAuction/bin/python: No such file or directory
/bin/sh: /Users/ryanlynch/Desktop/Desktop/Career/TechnicalProjects/2_AuctionAid/cronAuction/bin/python: No such file or directory
/bin/sh: /Users/ryanlynch/Desktop/Desktop/Career/TechnicalProjects/2_AuctionAid/cronAuction/bin/python: No such file or directory
/bin/sh: /Users/ryanlynch/Desktop/Desktop/Career/TechnicalProjects/2_AuctionAid/cronAuction/bin/python: No such file or directory
/bin/sh: /Users/ryanlynch/Desktop/Desktop/Career/TechnicalProjects/2_AuctionAid/cronAuction/bin/python: No such file or directory
/bin/sh: /Users/ryanlynch/Desktop/Desktop/Career/TechnicalProjects/2_AuctionAid/cronAuction/bin/python: No such file or directory
/bin/sh: /Users/ryanlynch/Desktop/Desktop/Career/TechnicalProjects/2_AuctionAid/cronAuction/bin/python: No such file or directory
/bin/sh: /Users/ryanlynch/Desktop/Desktop/Career/TechnicalProjects/2_AuctionAid/cronAuction/bin/python: No such file or directory
/bin/sh: /Users/ryanlynch/Desktop/Desktop/Career/TechnicalProjects/2_AuctionAid/cronAuction/bin/python: No such file or directory
